{
  "stats": {
    "suites": 1,
    "tests": 4,
    "passes": 4,
    "pending": 0,
    "failures": 0,
    "start": "2020-11-07T16:35:40.115Z",
    "end": "2020-11-07T16:35:41.045Z",
    "duration": 930,
    "testsRegistered": 4,
    "passPercent": 100,
    "pendingPercent": 0,
    "other": 0,
    "hasOther": false,
    "skipped": 0,
    "hasSkipped": false
  },
  "results": [
    {
      "uuid": "ec88c047-87d4-4fc5-803a-89f7cc87c42a",
      "title": "",
      "fullFile": "cypress/integration/apis/gobarber-api.spec.js",
      "file": "cypress/integration/apis/gobarber-api.spec.js",
      "beforeHooks": [],
      "afterHooks": [],
      "tests": [],
      "suites": [
        {
          "uuid": "5a3803d8-bbb6-4db0-ab73-0ca41c27c581",
          "title": "Api Tests => Happy path",
          "fullFile": "",
          "file": "",
          "beforeHooks": [],
          "afterHooks": [],
          "tests": [
            {
              "title": "Should be possible to create a new account",
              "fullTitle": "Api Tests => Happy path Should be possible to create a new account",
              "timedOut": null,
              "duration": 243,
              "state": "passed",
              "speed": "slow",
              "pass": true,
              "fail": false,
              "pending": false,
              "context": null,
              "code": "cy.request({\n  method: 'POST',\n  url: '/users',\n  body: {\n    name: 'John Doe',\n    email: \"teste\".concat(Date.now(), \"@email.com\"),\n    password: '123456'\n  }\n}).as('response');\ncy.get('@response').then(function (res) {\n  expect(res.status).to.be.equal(200);\n  expect(res.body).to.have.property('id');\n  expect(res.body).to.have.property('name', 'John Doe');\n  expect(res.body).to.have.property('email');\n  expect(res.body).not.to.have.property('password');\n  expect(res.body).to.have.property('avatar_url');\n  expect(res.body).to.have.property('created_at');\n  expect(res.body).to.have.property('updated_at');\n});",
              "err": {},
              "uuid": "273c1046-0ba1-40d6-9e24-08fc7178c827",
              "parentUUID": "5a3803d8-bbb6-4db0-ab73-0ca41c27c581",
              "isHook": false,
              "skipped": false
            },
            {
              "title": "Should be possible to do a login with already existing user",
              "fullTitle": "Api Tests => Happy path Should be possible to do a login with already existing user",
              "timedOut": null,
              "duration": 121,
              "state": "passed",
              "speed": "slow",
              "pass": true,
              "fail": false,
              "pending": false,
              "context": null,
              "code": "var _Cypress$env = Cypress.env('user'),\n    name = _Cypress$env.name,\n    email = _Cypress$env.email,\n    password = _Cypress$env.password;\ncy.request({\n  method: 'POST',\n  url: '/sessions',\n  body: {\n    email: email,\n    password: password\n  }\n}).as('response');\ncy.get('@response').then(function (res) {\n  expect(res.status).to.be.equal(200);\n  expect(res.body).to.have.property('token');\n  expect(res.body).to.have.property('user');\n  expect(res.body.user).to.have.property('id');\n  expect(res.body.user).to.have.property('name', name);\n});",
              "err": {},
              "uuid": "5b6092b9-620f-4503-b52e-9e3081ba5040",
              "parentUUID": "5a3803d8-bbb6-4db0-ab73-0ca41c27c581",
              "isHook": false,
              "skipped": false
            },
            {
              "title": "Should be a retriver profile information",
              "fullTitle": "Api Tests => Happy path Should be a retriver profile information",
              "timedOut": null,
              "duration": 190,
              "state": "passed",
              "speed": "slow",
              "pass": true,
              "fail": false,
              "pending": false,
              "context": null,
              "code": "var _Cypress$env2 = Cypress.env('user'),\n    id = _Cypress$env2.id,\n    name = _Cypress$env2.name,\n    email = _Cypress$env2.email,\n    password = _Cypress$env2.password;\ncy.createSessionAuthenticated(email, password);\ncy.request({\n  method: 'GET',\n  url: '/profile'\n}).as('response');\ncy.get('@response').then(function (res) {\n  expect(res.status).to.be.equal(200);\n  expect(res.body).to.have.property('id', id);\n  expect(res.body).to.have.property('name', name);\n  expect(res.body).to.have.property('email', email);\n  expect(res.body).not.to.have.property('password');\n  expect(res.body).to.have.property('avatar_url');\n  expect(res.body).to.have.property('created_at');\n  expect(res.body).to.have.property('updated_at');\n});",
              "err": {},
              "uuid": "43d58783-e936-41c4-850c-aaa9a2fa9b66",
              "parentUUID": "5a3803d8-bbb6-4db0-ab73-0ca41c27c581",
              "isHook": false,
              "skipped": false
            },
            {
              "title": "Should be a update profile information",
              "fullTitle": "Api Tests => Happy path Should be a update profile information",
              "timedOut": null,
              "duration": 291,
              "state": "passed",
              "speed": "slow",
              "pass": true,
              "fail": false,
              "pending": false,
              "context": null,
              "code": "var _Cypress$env3 = Cypress.env('user'),\n    id = _Cypress$env3.id,\n    name = _Cypress$env3.name,\n    email = _Cypress$env3.email,\n    password = _Cypress$env3.password;\ncy.createSessionAuthenticated(email, password);\ncy.request({\n  method: 'put',\n  url: '/profile',\n  body: {\n    name: 'John Doe Updated',\n    email: 'johndoeupdated@email.com'\n  }\n}).as('response');\ncy.get('@response').then(function (res) {\n  expect(res.status).to.be.equal(200);\n  expect(res.body).to.have.property('id', id);\n  expect(res.body).to.have.property('name', 'John Doe Updated');\n  expect(res.body).to.have.property('email', 'johndoeupdated@email.com');\n  expect(res.body).not.to.have.property('password');\n  expect(res.body).to.have.property('avatar_url');\n  expect(res.body).to.have.property('created_at');\n  expect(res.body).to.have.property('updated_at');\n});\ncy.request({\n  method: 'put',\n  url: '/profile',\n  body: {\n    name: name,\n    email: email\n  }\n}).as('secondResponse');\ncy.get('@secondResponse').then(function (res) {\n  expect(res.status).to.be.equal(200);\n  expect(res.body).to.have.property('id', id);\n  expect(res.body).to.have.property('name', name);\n  expect(res.body).to.have.property('email', email);\n});",
              "err": {},
              "uuid": "01d608aa-b0de-44f3-9e05-0514ab0b45dc",
              "parentUUID": "5a3803d8-bbb6-4db0-ab73-0ca41c27c581",
              "isHook": false,
              "skipped": false
            }
          ],
          "suites": [],
          "passes": [
            "273c1046-0ba1-40d6-9e24-08fc7178c827",
            "5b6092b9-620f-4503-b52e-9e3081ba5040",
            "43d58783-e936-41c4-850c-aaa9a2fa9b66",
            "01d608aa-b0de-44f3-9e05-0514ab0b45dc"
          ],
          "failures": [],
          "pending": [],
          "skipped": [],
          "duration": 845,
          "root": false,
          "rootEmpty": false,
          "_timeout": 2000
        }
      ],
      "passes": [],
      "failures": [],
      "pending": [],
      "skipped": [],
      "duration": 0,
      "root": true,
      "rootEmpty": true,
      "_timeout": 2000
    }
  ],
  "meta": {
    "mocha": {
      "version": "7.0.1"
    },
    "mochawesome": {
      "options": {
        "quiet": false,
        "reportFilename": "mochawesome",
        "saveHtml": true,
        "saveJson": true,
        "consoleReporter": "spec",
        "useInlineDiffs": false,
        "code": true
      },
      "version": "6.2.1"
    },
    "marge": {
      "options": {
        "id": "default"
      },
      "version": "5.1.0"
    }
  }
}